{
  "RSpec": {
    "coverage": {
      "/Users/phon/code/ruby/sprit-monitor/lib/url_builder.rb": [
        1,
        1,
        null,
        1,
        1,
        null,
        null,
        null,
        null,
        null,
        1,
        1,
        1,
        1,
        1,
        null,
        null,
        null,
        1,
        null,
        null,
        1,
        null,
        null,
        null,
        1,
        null,
        null,
        4,
        4,
        4,
        1,
        null,
        null,
        null
      ],
      "/Users/phon/code/ruby/sprit-monitor/lib/web_data_scraper.rb": [
        1,
        1,
        1,
        null,
        1,
        null,
        null,
        1,
        1,
        null,
        null,
        null,
        null,
        0,
        0,
        null,
        0,
        null,
        0,
        0,
        null,
        0,
        0,
        0,
        null,
        0,
        0,
        0,
        0,
        0,
        null,
        0,
        0,
        null,
        0,
        0,
        0,
        null,
        0,
        null,
        0,
        null,
        null,
        1,
        1,
        1,
        1,
        0,
        0,
        0,
        null,
        null,
        1,
        null,
        null,
        null
      ]
    },
    "timestamp": 1491410806
  }
}
